[1/14] cl /c /Zc:__cplusplus /Zp8 /GR /W3 /EHs /nologo /MD /D_CRT_SECURE_NO_DEPRECATE /D_SCL_SECURE_NO_DEPRECATE /D_SECURE_SCL=0   /DMATLAB_MEX_FILE  /DMATLAB_MEX_FILE /O2 /Oy- /DNDEBUG /fp:strict /utf-8 /I "." /I "D:\GitHub\Efficient-Parallelization-of-Nonlinear-Macroeconomic-Models-A-MATLAB-Executable-Approach\Code sovereignDefault" /I "C:\Program Files\MATLAB\R2023b\sys\cuda\win64\cuda\include" /I ".\interface" /I "C:\Program Files\MATLAB\R2023b\extern\include" /I "." -DMW_CUDA_ARCH=350 -DMODEL=solver_bf_cuda_mex -DMW_NEEDS_VERSION_H   interface\_coder_solver_bruteforce_cuda_info.cpp /Fobuild\win64\_coder_solver_bruteforce_cuda_info.obj
_coder_solver_bruteforce_cuda_info.cpp
[2/14] nvcc -c -rdc=true -Wno-deprecated-gpu-targets -Xcompiler "/wd 4819" -Xcompiler "/MD" -Xcudafe "--display_error_number --diag_suppress=2381 --diag_suppress=unsigned_compare_with_zero --diag_suppress=useless_type_qualifier_on_return_type" -D_GNU_SOURCE -DMATLAB_MEX_FILE --no-exceptions -Xcompiler "/EHa" -noprof -ldir "C:\Program Files\MATLAB\R2023b/bin/win64" -Xcompiler "/utf-8" -I "." -I "D:\GitHub\Efficient-Parallelization-of-Nonlinear-Macroeconomic-Models-A-MATLAB-Executable-Approach\Code sovereignDefault" -I "C:\Program Files\MATLAB\R2023b\sys\cuda\win64\cuda\include" -I ".\interface" -I "C:\Program Files\MATLAB\R2023b\extern\include" -I "." -DMW_CUDA_ARCH=350 -DMODEL=solver_bf_cuda_mex -DMW_NEEDS_VERSION_H  -arch sm_35  -I "C:\Program Files\MATLAB\R2023b/simulink/include" -I "C:\Program Files\MATLAB\R2023b/toolbox/shared/simtargets" MWCUBLASUtils.cpp -o build\win64\MWCUBLASUtils.obj
MWCUBLASUtils.cpp
[3/14] nvcc -c -rdc=true -Wno-deprecated-gpu-targets -Xcompiler "/wd 4819" -Xcompiler "/MD" -Xcudafe "--display_error_number --diag_suppress=2381 --diag_suppress=unsigned_compare_with_zero --diag_suppress=useless_type_qualifier_on_return_type" -D_GNU_SOURCE -DMATLAB_MEX_FILE --no-exceptions -Xcompiler "/EHa" -noprof -ldir "C:\Program Files\MATLAB\R2023b/bin/win64" -Xcompiler "/utf-8" -I "." -I "D:\GitHub\Efficient-Parallelization-of-Nonlinear-Macroeconomic-Models-A-MATLAB-Executable-Approach\Code sovereignDefault" -I "C:\Program Files\MATLAB\R2023b\sys\cuda\win64\cuda\include" -I ".\interface" -I "C:\Program Files\MATLAB\R2023b\extern\include" -I "." -DMW_CUDA_ARCH=350 -DMODEL=solver_bf_cuda_mex -DMW_NEEDS_VERSION_H  -arch sm_35  -I "C:\Program Files\MATLAB\R2023b/simulink/include" -I "C:\Program Files\MATLAB\R2023b/toolbox/shared/simtargets" cpp_mexapi_version.cpp -o build\win64\cpp_mexapi_version.obj
cpp_mexapi_version.cpp
[4/14] nvcc -c -rdc=true -Wno-deprecated-gpu-targets -Xcompiler "/wd 4819" -Xcompiler "/MD" -Xcudafe "--display_error_number --diag_suppress=2381 --diag_suppress=unsigned_compare_with_zero --diag_suppress=useless_type_qualifier_on_return_type" -D_GNU_SOURCE -DMATLAB_MEX_FILE --no-exceptions -Xcompiler "/EHa" -noprof -ldir "C:\Program Files\MATLAB\R2023b/bin/win64" -Xcompiler "/utf-8" -I "." -I "D:\GitHub\Efficient-Parallelization-of-Nonlinear-Macroeconomic-Models-A-MATLAB-Executable-Approach\Code sovereignDefault" -I "C:\Program Files\MATLAB\R2023b\sys\cuda\win64\cuda\include" -I ".\interface" -I "C:\Program Files\MATLAB\R2023b\extern\include" -I "." -DMW_CUDA_ARCH=350 -DMODEL=solver_bf_cuda_mex -DMW_NEEDS_VERSION_H  -arch sm_35  -I "C:\Program Files\MATLAB\R2023b/simulink/include" -I "C:\Program Files\MATLAB\R2023b/toolbox/shared/simtargets" rt_nonfinite.cu -o build\win64\rt_nonfinite.obj
rt_nonfinite.cu
[5/14] nvcc -c -rdc=true -Wno-deprecated-gpu-targets -Xcompiler "/wd 4819" -Xcompiler "/MD" -Xcudafe "--display_error_number --diag_suppress=2381 --diag_suppress=unsigned_compare_with_zero --diag_suppress=useless_type_qualifier_on_return_type" -D_GNU_SOURCE -DMATLAB_MEX_FILE --no-exceptions -Xcompiler "/EHa" -noprof -ldir "C:\Program Files\MATLAB\R2023b/bin/win64" -Xcompiler "/utf-8" -I "." -I "D:\GitHub\Efficient-Parallelization-of-Nonlinear-Macroeconomic-Models-A-MATLAB-Executable-Approach\Code sovereignDefault" -I "C:\Program Files\MATLAB\R2023b\sys\cuda\win64\cuda\include" -I ".\interface" -I "C:\Program Files\MATLAB\R2023b\extern\include" -I "." -DMW_CUDA_ARCH=350 -DMODEL=solver_bf_cuda_mex -DMW_NEEDS_VERSION_H  -arch sm_35  -I "C:\Program Files\MATLAB\R2023b/simulink/include" -I "C:\Program Files\MATLAB\R2023b/toolbox/shared/simtargets" interface\_coder_solver_bruteforce_cuda_api.cu -o build\win64\_coder_solver_bruteforce_cuda_api.obj
_coder_solver_bruteforce_cuda_api.cu
[6/14] nvcc -c -rdc=true -Wno-deprecated-gpu-targets -Xcompiler "/wd 4819" -Xcompiler "/MD" -Xcudafe "--display_error_number --diag_suppress=2381 --diag_suppress=unsigned_compare_with_zero --diag_suppress=useless_type_qualifier_on_return_type" -D_GNU_SOURCE -DMATLAB_MEX_FILE --no-exceptions -Xcompiler "/EHa" -noprof -ldir "C:\Program Files\MATLAB\R2023b/bin/win64" -Xcompiler "/utf-8" -I "." -I "D:\GitHub\Efficient-Parallelization-of-Nonlinear-Macroeconomic-Models-A-MATLAB-Executable-Approach\Code sovereignDefault" -I "C:\Program Files\MATLAB\R2023b\sys\cuda\win64\cuda\include" -I ".\interface" -I "C:\Program Files\MATLAB\R2023b\extern\include" -I "." -DMW_CUDA_ARCH=350 -DMODEL=solver_bf_cuda_mex -DMW_NEEDS_VERSION_H  -arch sm_35  -I "C:\Program Files\MATLAB\R2023b/simulink/include" -I "C:\Program Files\MATLAB\R2023b/toolbox/shared/simtargets" toc.cu -o build\win64\toc.obj
toc.cu
[7/14] nvcc -c -rdc=true -Wno-deprecated-gpu-targets -Xcompiler "/wd 4819" -Xcompiler "/MD" -Xcudafe "--display_error_number --diag_suppress=2381 --diag_suppress=unsigned_compare_with_zero --diag_suppress=useless_type_qualifier_on_return_type" -D_GNU_SOURCE -DMATLAB_MEX_FILE --no-exceptions -Xcompiler "/EHa" -noprof -ldir "C:\Program Files\MATLAB\R2023b/bin/win64" -Xcompiler "/utf-8" -I "." -I "D:\GitHub\Efficient-Parallelization-of-Nonlinear-Macroeconomic-Models-A-MATLAB-Executable-Approach\Code sovereignDefault" -I "C:\Program Files\MATLAB\R2023b\sys\cuda\win64\cuda\include" -I ".\interface" -I "C:\Program Files\MATLAB\R2023b\extern\include" -I "." -DMW_CUDA_ARCH=350 -DMODEL=solver_bf_cuda_mex -DMW_NEEDS_VERSION_H  -arch sm_35  -I "C:\Program Files\MATLAB\R2023b/simulink/include" -I "C:\Program Files\MATLAB\R2023b/toolbox/shared/simtargets" tic.cu -o build\win64\tic.obj
tic.cu
[8/14] nvcc -c -rdc=true -Wno-deprecated-gpu-targets -Xcompiler "/wd 4819" -Xcompiler "/MD" -Xcudafe "--display_error_number --diag_suppress=2381 --diag_suppress=unsigned_compare_with_zero --diag_suppress=useless_type_qualifier_on_return_type" -D_GNU_SOURCE -DMATLAB_MEX_FILE --no-exceptions -Xcompiler "/EHa" -noprof -ldir "C:\Program Files\MATLAB\R2023b/bin/win64" -Xcompiler "/utf-8" -I "." -I "D:\GitHub\Efficient-Parallelization-of-Nonlinear-Macroeconomic-Models-A-MATLAB-Executable-Approach\Code sovereignDefault" -I "C:\Program Files\MATLAB\R2023b\sys\cuda\win64\cuda\include" -I ".\interface" -I "C:\Program Files\MATLAB\R2023b\extern\include" -I "." -DMW_CUDA_ARCH=350 -DMODEL=solver_bf_cuda_mex -DMW_NEEDS_VERSION_H  -arch sm_35  -I "C:\Program Files\MATLAB\R2023b/simulink/include" -I "C:\Program Files\MATLAB\R2023b/toolbox/shared/simtargets" solver_bruteforce_cuda_mexutil.cu -o build\win64\solver_bruteforce_cuda_mexutil.obj
solver_bruteforce_cuda_mexutil.cu
[9/14] nvcc -c -rdc=true -Wno-deprecated-gpu-targets -Xcompiler "/wd 4819" -Xcompiler "/MD" -Xcudafe "--display_error_number --diag_suppress=2381 --diag_suppress=unsigned_compare_with_zero --diag_suppress=useless_type_qualifier_on_return_type" -D_GNU_SOURCE -DMATLAB_MEX_FILE --no-exceptions -Xcompiler "/EHa" -noprof -ldir "C:\Program Files\MATLAB\R2023b/bin/win64" -Xcompiler "/utf-8" -I "." -I "D:\GitHub\Efficient-Parallelization-of-Nonlinear-Macroeconomic-Models-A-MATLAB-Executable-Approach\Code sovereignDefault" -I "C:\Program Files\MATLAB\R2023b\sys\cuda\win64\cuda\include" -I ".\interface" -I "C:\Program Files\MATLAB\R2023b\extern\include" -I "." -DMW_CUDA_ARCH=350 -DMODEL=solver_bf_cuda_mex -DMW_NEEDS_VERSION_H  -arch sm_35  -I "C:\Program Files\MATLAB\R2023b/simulink/include" -I "C:\Program Files\MATLAB\R2023b/toolbox/shared/simtargets" solver_bruteforce_cuda_data.cu -o build\win64\solver_bruteforce_cuda_data.obj
solver_bruteforce_cuda_data.cu
[10/14] nvcc -c -rdc=true -Wno-deprecated-gpu-targets -Xcompiler "/wd 4819" -Xcompiler "/MD" -Xcudafe "--display_error_number --diag_suppress=2381 --diag_suppress=unsigned_compare_with_zero --diag_suppress=useless_type_qualifier_on_return_type" -D_GNU_SOURCE -DMATLAB_MEX_FILE --no-exceptions -Xcompiler "/EHa" -noprof -ldir "C:\Program Files\MATLAB\R2023b/bin/win64" -Xcompiler "/utf-8" -I "." -I "D:\GitHub\Efficient-Parallelization-of-Nonlinear-Macroeconomic-Models-A-MATLAB-Executable-Approach\Code sovereignDefault" -I "C:\Program Files\MATLAB\R2023b\sys\cuda\win64\cuda\include" -I ".\interface" -I "C:\Program Files\MATLAB\R2023b\extern\include" -I "." -DMW_CUDA_ARCH=350 -DMODEL=solver_bf_cuda_mex -DMW_NEEDS_VERSION_H  -arch sm_35  -I "C:\Program Files\MATLAB\R2023b/simulink/include" -I "C:\Program Files\MATLAB\R2023b/toolbox/shared/simtargets" solver_bruteforce_cuda_initialize.cu -o build\win64\solver_bruteforce_cuda_initialize.obj
solver_bruteforce_cuda_initialize.cu
[11/14] nvcc -c -rdc=true -Wno-deprecated-gpu-targets -Xcompiler "/wd 4819" -Xcompiler "/MD" -Xcudafe "--display_error_number --diag_suppress=2381 --diag_suppress=unsigned_compare_with_zero --diag_suppress=useless_type_qualifier_on_return_type" -D_GNU_SOURCE -DMATLAB_MEX_FILE --no-exceptions -Xcompiler "/EHa" -noprof -ldir "C:\Program Files\MATLAB\R2023b/bin/win64" -Xcompiler "/utf-8" -I "." -I "D:\GitHub\Efficient-Parallelization-of-Nonlinear-Macroeconomic-Models-A-MATLAB-Executable-Approach\Code sovereignDefault" -I "C:\Program Files\MATLAB\R2023b\sys\cuda\win64\cuda\include" -I ".\interface" -I "C:\Program Files\MATLAB\R2023b\extern\include" -I "." -DMW_CUDA_ARCH=350 -DMODEL=solver_bf_cuda_mex -DMW_NEEDS_VERSION_H  -arch sm_35  -I "C:\Program Files\MATLAB\R2023b/simulink/include" -I "C:\Program Files\MATLAB\R2023b/toolbox/shared/simtargets" interface\_coder_solver_bruteforce_cuda_mex.cu -o build\win64\_coder_solver_bruteforce_cuda_mex.obj
_coder_solver_bruteforce_cuda_mex.cu
[12/14] nvcc -c -rdc=true -Wno-deprecated-gpu-targets -Xcompiler "/wd 4819" -Xcompiler "/MD" -Xcudafe "--display_error_number --diag_suppress=2381 --diag_suppress=unsigned_compare_with_zero --diag_suppress=useless_type_qualifier_on_return_type" -D_GNU_SOURCE -DMATLAB_MEX_FILE --no-exceptions -Xcompiler "/EHa" -noprof -ldir "C:\Program Files\MATLAB\R2023b/bin/win64" -Xcompiler "/utf-8" -I "." -I "D:\GitHub\Efficient-Parallelization-of-Nonlinear-Macroeconomic-Models-A-MATLAB-Executable-Approach\Code sovereignDefault" -I "C:\Program Files\MATLAB\R2023b\sys\cuda\win64\cuda\include" -I ".\interface" -I "C:\Program Files\MATLAB\R2023b\extern\include" -I "." -DMW_CUDA_ARCH=350 -DMODEL=solver_bf_cuda_mex -DMW_NEEDS_VERSION_H  -arch sm_35  -I "C:\Program Files\MATLAB\R2023b/simulink/include" -I "C:\Program Files\MATLAB\R2023b/toolbox/shared/simtargets" solver_bruteforce_cuda_terminate.cu -o build\win64\solver_bruteforce_cuda_terminate.obj
solver_bruteforce_cuda_terminate.cu
[13/14] nvcc -c -rdc=true -Wno-deprecated-gpu-targets -Xcompiler "/wd 4819" -Xcompiler "/MD" -Xcudafe "--display_error_number --diag_suppress=2381 --diag_suppress=unsigned_compare_with_zero --diag_suppress=useless_type_qualifier_on_return_type" -D_GNU_SOURCE -DMATLAB_MEX_FILE --no-exceptions -Xcompiler "/EHa" -noprof -ldir "C:\Program Files\MATLAB\R2023b/bin/win64" -Xcompiler "/utf-8" -I "." -I "D:\GitHub\Efficient-Parallelization-of-Nonlinear-Macroeconomic-Models-A-MATLAB-Executable-Approach\Code sovereignDefault" -I "C:\Program Files\MATLAB\R2023b\sys\cuda\win64\cuda\include" -I ".\interface" -I "C:\Program Files\MATLAB\R2023b\extern\include" -I "." -DMW_CUDA_ARCH=350 -DMODEL=solver_bf_cuda_mex -DMW_NEEDS_VERSION_H  -arch sm_35  -I "C:\Program Files\MATLAB\R2023b/simulink/include" -I "C:\Program Files\MATLAB\R2023b/toolbox/shared/simtargets" solver_bruteforce_cuda.cu -o build\win64\solver_bruteforce_cuda.obj
solver_bruteforce_cuda.cu
[14/14] nvcc  -Xlinker /nologo -Xlinker /manifest -Xlinker /DLL -L"C:\Program Files\MATLAB\R2023b\extern\lib\win64\microsoft" libmx.lib libmex.lib libmat.lib kernel32.lib user32.lib gdi32.lib winspool.lib comdlg32.lib advapi32.lib shell32.lib ole32.lib oleaut32.lib uuid.lib odbc32.lib odbccp32.lib libMatlabDataArray.lib libMatlabEngine.lib   -L"C:\Program Files\MATLAB\R2023b\sys\cuda\win64\cuda\lib\x64" -L"C:\Program Files\MATLAB\R2023b\bin\win64" libemlrt.lib libcovrt.lib libut.lib libmwmathutil.lib -arch sm_35  -I"C:\Program Files\MATLAB\R2023b\sys\cuda\win64\cuda\include" -lcublas -lcusolver -lcufft -lcurand -lcusparse -Xnvlink -w  -Wno-deprecated-gpu-targets -Xlinker /NODEFAULTLIB:libcmt.lib -o solver_bf_cuda_mex.mexw64 build\win64\MWCUBLASUtils.obj build\win64\solver_bruteforce_cuda_data.obj build\win64\rt_nonfinite.obj build\win64\solver_bruteforce_cuda_initialize.obj build\win64\solver_bruteforce_cuda_terminate.obj build\win64\solver_bruteforce_cuda.obj build\win64\tic.obj build\win64\toc.obj build\win64\_coder_solver_bruteforce_cuda_api.obj build\win64\_coder_solver_bruteforce_cuda_mex.obj build\win64\solver_bruteforce_cuda_mexutil.obj build\win64\_coder_solver_bruteforce_cuda_info.obj build\win64\cpp_mexapi_version.obj
libmx.lib
libmex.lib
libmat.lib
kernel32.lib
user32.lib
gdi32.lib
winspool.lib
comdlg32.lib
advapi32.lib
shell32.lib
ole32.lib
oleaut32.lib
uuid.lib
odbc32.lib
odbccp32.lib
libMatlabDataArray.lib
libMatlabEngine.lib
libemlrt.lib
libcovrt.lib
libut.lib
libmwmathutil.lib
MWCUBLASUtils.obj
solver_bruteforce_cuda_data.obj
rt_nonfinite.obj
solver_bruteforce_cuda_initialize.obj
solver_bruteforce_cuda_terminate.obj
solver_bruteforce_cuda.obj
tic.obj
toc.obj
_coder_solver_bruteforce_cuda_api.obj
_coder_solver_bruteforce_cuda_mex.obj
solver_bruteforce_cuda_mexutil.obj
_coder_solver_bruteforce_cuda_info.obj
cpp_mexapi_version.obj
   Creating library solver_bf_cuda_mex.lib and object solver_bf_cuda_mex.exp
