[1/15] cl /c /Zc:__cplusplus /Zp8 /GR /W3 /EHs /nologo /MD /D_CRT_SECURE_NO_DEPRECATE /D_SCL_SECURE_NO_DEPRECATE /D_SECURE_SCL=0   /DMATLAB_MEX_FILE  /DMATLAB_MEX_FILE /O2 /Oy- /DNDEBUG /fp:strict /utf-8 /I "." /I "D:\GitHub\Efficient-Parallelization-of-Nonlinear-Macroeconomic-Models-A-MATLAB-Executable-Approach\Code sovereignDefault" /I ".\interface" /I "C:\Program Files\MATLAB\R2023b\extern\include" /I "." -DMODEL=solver_bruteforce_mex   solver_bruteforce_data.c /Fobuild\win64\solver_bruteforce_data.obj
solver_bruteforce_data.c
[2/15] cl /c /Zc:__cplusplus /Zp8 /GR /W3 /EHs /nologo /MD /D_CRT_SECURE_NO_DEPRECATE /D_SCL_SECURE_NO_DEPRECATE /D_SECURE_SCL=0   /DMATLAB_MEX_FILE  /DMATLAB_MEX_FILE /O2 /Oy- /DNDEBUG /fp:strict /utf-8 /I "." /I "D:\GitHub\Efficient-Parallelization-of-Nonlinear-Macroeconomic-Models-A-MATLAB-Executable-Approach\Code sovereignDefault" /I ".\interface" /I "C:\Program Files\MATLAB\R2023b\extern\include" /I "." -DMODEL=solver_bruteforce_mex   rt_nonfinite.c /Fobuild\win64\rt_nonfinite.obj
rt_nonfinite.c
[3/15] cl /c /Zc:__cplusplus /Zp8 /GR /W3 /EHs /nologo /MD /D_CRT_SECURE_NO_DEPRECATE /D_SCL_SECURE_NO_DEPRECATE /D_SECURE_SCL=0   /DMATLAB_MEX_FILE  /DMATLAB_MEX_FILE /O2 /Oy- /DNDEBUG /fp:strict /utf-8 /I "." /I "D:\GitHub\Efficient-Parallelization-of-Nonlinear-Macroeconomic-Models-A-MATLAB-Executable-Approach\Code sovereignDefault" /I ".\interface" /I "C:\Program Files\MATLAB\R2023b\extern\include" /I "." -DMODEL=solver_bruteforce_mex   solver_bruteforce_mexutil.c /Fobuild\win64\solver_bruteforce_mexutil.obj
solver_bruteforce_mexutil.c
[4/15] cl /c /Zc:__cplusplus /Zp8 /GR /W3 /EHs /nologo /MD /D_CRT_SECURE_NO_DEPRECATE /D_SCL_SECURE_NO_DEPRECATE /D_SECURE_SCL=0   /DMATLAB_MEX_FILE  /DMATLAB_MEX_FILE /O2 /Oy- /DNDEBUG /fp:strict /utf-8 /I "." /I "D:\GitHub\Efficient-Parallelization-of-Nonlinear-Macroeconomic-Models-A-MATLAB-Executable-Approach\Code sovereignDefault" /I ".\interface" /I "C:\Program Files\MATLAB\R2023b\extern\include" /I "." -DMODEL=solver_bruteforce_mex   toc.c /Fobuild\win64\toc.obj
toc.c
[5/15] cl /c /Zc:__cplusplus /Zp8 /GR /W3 /EHs /nologo /MD /D_CRT_SECURE_NO_DEPRECATE /D_SCL_SECURE_NO_DEPRECATE /D_SECURE_SCL=0   /DMATLAB_MEX_FILE  /DMATLAB_MEX_FILE /O2 /Oy- /DNDEBUG /fp:strict /utf-8 /I "." /I "D:\GitHub\Efficient-Parallelization-of-Nonlinear-Macroeconomic-Models-A-MATLAB-Executable-Approach\Code sovereignDefault" /I ".\interface" /I "C:\Program Files\MATLAB\R2023b\extern\include" /I "." -DMODEL=solver_bruteforce_mex   interface\_coder_solver_bruteforce_info.c /Fobuild\win64\_coder_solver_bruteforce_info.obj
_coder_solver_bruteforce_info.c
[6/15] cl /c /Zc:__cplusplus /Zp8 /GR /W3 /EHs /nologo /MD /D_CRT_SECURE_NO_DEPRECATE /D_SCL_SECURE_NO_DEPRECATE /D_SECURE_SCL=0   /DMATLAB_MEX_FILE  /DMATLAB_MEX_FILE /O2 /Oy- /DNDEBUG /fp:strict /utf-8 /I "." /I "D:\GitHub\Efficient-Parallelization-of-Nonlinear-Macroeconomic-Models-A-MATLAB-Executable-Approach\Code sovereignDefault" /I ".\interface" /I "C:\Program Files\MATLAB\R2023b\extern\include" /I "." -DMODEL=solver_bruteforce_mex   solver_bruteforce_initialize.c /Fobuild\win64\solver_bruteforce_initialize.obj
solver_bruteforce_initialize.c
[7/15] cl /c /Zc:__cplusplus /Zp8 /GR /W3 /EHs /nologo /MD /D_CRT_SECURE_NO_DEPRECATE /D_SCL_SECURE_NO_DEPRECATE /D_SECURE_SCL=0   /DMATLAB_MEX_FILE  /DMATLAB_MEX_FILE /O2 /Oy- /DNDEBUG /fp:strict /utf-8 /I "." /I "D:\GitHub\Efficient-Parallelization-of-Nonlinear-Macroeconomic-Models-A-MATLAB-Executable-Approach\Code sovereignDefault" /I ".\interface" /I "C:\Program Files\MATLAB\R2023b\extern\include" /I "." -DMODEL=solver_bruteforce_mex   solver_bruteforce_terminate.c /Fobuild\win64\solver_bruteforce_terminate.obj
solver_bruteforce_terminate.c
[8/15] cl /c /Zc:__cplusplus /Zp8 /GR /W3 /EHs /nologo /MD /D_CRT_SECURE_NO_DEPRECATE /D_SCL_SECURE_NO_DEPRECATE /D_SECURE_SCL=0   /DMATLAB_MEX_FILE  /DMATLAB_MEX_FILE /O2 /Oy- /DNDEBUG /fp:strict /utf-8 /I "." /I "D:\GitHub\Efficient-Parallelization-of-Nonlinear-Macroeconomic-Models-A-MATLAB-Executable-Approach\Code sovereignDefault" /I ".\interface" /I "C:\Program Files\MATLAB\R2023b\extern\include" /I "." -DMODEL=solver_bruteforce_mex   "C:\Program Files\MATLAB\R2023b\extern\version\c_mexapi_version.c" /Fobuild\win64\c_mexapi_version.obj
c_mexapi_version.c
[9/15] cl /c /Zc:__cplusplus /Zp8 /GR /W3 /EHs /nologo /MD /D_CRT_SECURE_NO_DEPRECATE /D_SCL_SECURE_NO_DEPRECATE /D_SECURE_SCL=0   /DMATLAB_MEX_FILE  /DMATLAB_MEX_FILE /O2 /Oy- /DNDEBUG /fp:strict /utf-8 /I "." /I "D:\GitHub\Efficient-Parallelization-of-Nonlinear-Macroeconomic-Models-A-MATLAB-Executable-Approach\Code sovereignDefault" /I ".\interface" /I "C:\Program Files\MATLAB\R2023b\extern\include" /I "." -DMODEL=solver_bruteforce_mex   power.c /Fobuild\win64\power.obj
power.c
[10/15] cl /c /Zc:__cplusplus /Zp8 /GR /W3 /EHs /nologo /MD /D_CRT_SECURE_NO_DEPRECATE /D_SCL_SECURE_NO_DEPRECATE /D_SECURE_SCL=0   /DMATLAB_MEX_FILE  /DMATLAB_MEX_FILE /O2 /Oy- /DNDEBUG /fp:strict /utf-8 /I "." /I "D:\GitHub\Efficient-Parallelization-of-Nonlinear-Macroeconomic-Models-A-MATLAB-Executable-Approach\Code sovereignDefault" /I ".\interface" /I "C:\Program Files\MATLAB\R2023b\extern\include" /I "." -DMODEL=solver_bruteforce_mex   mtimes.c /Fobuild\win64\mtimes.obj
mtimes.c
[11/15] cl /c /Zc:__cplusplus /Zp8 /GR /W3 /EHs /nologo /MD /D_CRT_SECURE_NO_DEPRECATE /D_SCL_SECURE_NO_DEPRECATE /D_SECURE_SCL=0   /DMATLAB_MEX_FILE  /DMATLAB_MEX_FILE /O2 /Oy- /DNDEBUG /fp:strict /utf-8 /I "." /I "D:\GitHub\Efficient-Parallelization-of-Nonlinear-Macroeconomic-Models-A-MATLAB-Executable-Approach\Code sovereignDefault" /I ".\interface" /I "C:\Program Files\MATLAB\R2023b\extern\include" /I "." -DMODEL=solver_bruteforce_mex   interface\_coder_solver_bruteforce_mex.c /Fobuild\win64\_coder_solver_bruteforce_mex.obj
_coder_solver_bruteforce_mex.c
[12/15] cl /c /Zc:__cplusplus /Zp8 /GR /W3 /EHs /nologo /MD /D_CRT_SECURE_NO_DEPRECATE /D_SCL_SECURE_NO_DEPRECATE /D_SECURE_SCL=0   /DMATLAB_MEX_FILE  /DMATLAB_MEX_FILE /O2 /Oy- /DNDEBUG /fp:strict /utf-8 /I "." /I "D:\GitHub\Efficient-Parallelization-of-Nonlinear-Macroeconomic-Models-A-MATLAB-Executable-Approach\Code sovereignDefault" /I ".\interface" /I "C:\Program Files\MATLAB\R2023b\extern\include" /I "." -DMODEL=solver_bruteforce_mex   tic.c /Fobuild\win64\tic.obj
tic.c
[13/15] cl /c /Zc:__cplusplus /Zp8 /GR /W3 /EHs /nologo /MD /D_CRT_SECURE_NO_DEPRECATE /D_SCL_SECURE_NO_DEPRECATE /D_SECURE_SCL=0   /DMATLAB_MEX_FILE  /DMATLAB_MEX_FILE /O2 /Oy- /DNDEBUG /fp:strict /utf-8 /I "." /I "D:\GitHub\Efficient-Parallelization-of-Nonlinear-Macroeconomic-Models-A-MATLAB-Executable-Approach\Code sovereignDefault" /I ".\interface" /I "C:\Program Files\MATLAB\R2023b\extern\include" /I "." -DMODEL=solver_bruteforce_mex   interface\_coder_solver_bruteforce_api.c /Fobuild\win64\_coder_solver_bruteforce_api.obj
_coder_solver_bruteforce_api.c
[14/15] cl /c /Zc:__cplusplus /Zp8 /GR /W3 /EHs /nologo /MD /D_CRT_SECURE_NO_DEPRECATE /D_SCL_SECURE_NO_DEPRECATE /D_SECURE_SCL=0   /DMATLAB_MEX_FILE  /DMATLAB_MEX_FILE /O2 /Oy- /DNDEBUG /fp:strict /utf-8 /I "." /I "D:\GitHub\Efficient-Parallelization-of-Nonlinear-Macroeconomic-Models-A-MATLAB-Executable-Approach\Code sovereignDefault" /I ".\interface" /I "C:\Program Files\MATLAB\R2023b\extern\include" /I "." -DMODEL=solver_bruteforce_mex   solver_bruteforce.c /Fobuild\win64\solver_bruteforce.obj
solver_bruteforce.c
[15/15] link @solver_bruteforce_mex.mexw64.rsp  /nologo /manifest   /DLL /LIBPATH:"C:\Program Files\MATLAB\R2023b\extern\lib\win64\microsoft" libmx.lib libmex.lib libmat.lib kernel32.lib user32.lib gdi32.lib winspool.lib comdlg32.lib advapi32.lib shell32.lib ole32.lib oleaut32.lib uuid.lib odbc32.lib odbccp32.lib  /out:"solver_bruteforce_mex.mexw64" /LIBPATH:"C:\Program Files\MATLAB\R2023b\extern\lib\win64\microsoft" libmwblas.lib libemlrt.lib libcovrt.lib libut.lib libmwmathutil.lib  /export:mexFunction /export:mexfilerequiredapiversion /export:emlrtMexFcnProperties /export:solver_bruteforce /export:solver_bruteforce_initialize /export:solver_bruteforce_terminate /export:solver_bruteforce_atexit /export:emlrt_marshallOut /export:b_emlrt_marshallIn /export:k_emlrt_marshallIn
   Creating library solver_bruteforce_mex.lib and object solver_bruteforce_mex.exp
