[1/15] cl /c /Zc:__cplusplus /Zp8 /GR /W3 /EHs /nologo /MD /D_CRT_SECURE_NO_DEPRECATE /D_SCL_SECURE_NO_DEPRECATE /D_SECURE_SCL=0   /DMATLAB_MEX_FILE  /DMATLAB_MEX_FILE /O2 /Oy- /DNDEBUG /fp:strict /utf-8 /I "." /I "D:\GitHub\Efficient-Parallelization-of-Nonlinear-Macroeconomic-Models-A-MATLAB-Executable-Approach\Code sovereignDefault" /I ".\interface" /I "C:\Program Files\MATLAB\R2023b\extern\include" /I "." -DMODEL=solver_bf_parfor_mex /openmp /wd4101  rt_nonfinite.c /Fobuild\win64\rt_nonfinite.obj
rt_nonfinite.c
[2/15] cl /c /Zc:__cplusplus /Zp8 /GR /W3 /EHs /nologo /MD /D_CRT_SECURE_NO_DEPRECATE /D_SCL_SECURE_NO_DEPRECATE /D_SECURE_SCL=0   /DMATLAB_MEX_FILE  /DMATLAB_MEX_FILE /O2 /Oy- /DNDEBUG /fp:strict /utf-8 /I "." /I "D:\GitHub\Efficient-Parallelization-of-Nonlinear-Macroeconomic-Models-A-MATLAB-Executable-Approach\Code sovereignDefault" /I ".\interface" /I "C:\Program Files\MATLAB\R2023b\extern\include" /I "." -DMODEL=solver_bf_parfor_mex /openmp /wd4101  "C:\Program Files\MATLAB\R2023b\extern\version\c_mexapi_version.c" /Fobuild\win64\c_mexapi_version.obj
c_mexapi_version.c
[3/15] cl /c /Zc:__cplusplus /Zp8 /GR /W3 /EHs /nologo /MD /D_CRT_SECURE_NO_DEPRECATE /D_SCL_SECURE_NO_DEPRECATE /D_SECURE_SCL=0   /DMATLAB_MEX_FILE  /DMATLAB_MEX_FILE /O2 /Oy- /DNDEBUG /fp:strict /utf-8 /I "." /I "D:\GitHub\Efficient-Parallelization-of-Nonlinear-Macroeconomic-Models-A-MATLAB-Executable-Approach\Code sovereignDefault" /I ".\interface" /I "C:\Program Files\MATLAB\R2023b\extern\include" /I "." -DMODEL=solver_bf_parfor_mex /openmp /wd4101  interface\_coder_solver_bf_parfor_info.c /Fobuild\win64\_coder_solver_bf_parfor_info.obj
_coder_solver_bf_parfor_info.c
[4/15] cl /c /Zc:__cplusplus /Zp8 /GR /W3 /EHs /nologo /MD /D_CRT_SECURE_NO_DEPRECATE /D_SCL_SECURE_NO_DEPRECATE /D_SECURE_SCL=0   /DMATLAB_MEX_FILE  /DMATLAB_MEX_FILE /O2 /Oy- /DNDEBUG /fp:strict /utf-8 /I "." /I "D:\GitHub\Efficient-Parallelization-of-Nonlinear-Macroeconomic-Models-A-MATLAB-Executable-Approach\Code sovereignDefault" /I ".\interface" /I "C:\Program Files\MATLAB\R2023b\extern\include" /I "." -DMODEL=solver_bf_parfor_mex /openmp /wd4101  solver_bf_parfor_initialize.c /Fobuild\win64\solver_bf_parfor_initialize.obj
solver_bf_parfor_initialize.c
[5/15] cl /c /Zc:__cplusplus /Zp8 /GR /W3 /EHs /nologo /MD /D_CRT_SECURE_NO_DEPRECATE /D_SCL_SECURE_NO_DEPRECATE /D_SECURE_SCL=0   /DMATLAB_MEX_FILE  /DMATLAB_MEX_FILE /O2 /Oy- /DNDEBUG /fp:strict /utf-8 /I "." /I "D:\GitHub\Efficient-Parallelization-of-Nonlinear-Macroeconomic-Models-A-MATLAB-Executable-Approach\Code sovereignDefault" /I ".\interface" /I "C:\Program Files\MATLAB\R2023b\extern\include" /I "." -DMODEL=solver_bf_parfor_mex /openmp /wd4101  mtimes.c /Fobuild\win64\mtimes.obj
mtimes.c
[6/15] cl /c /Zc:__cplusplus /Zp8 /GR /W3 /EHs /nologo /MD /D_CRT_SECURE_NO_DEPRECATE /D_SCL_SECURE_NO_DEPRECATE /D_SECURE_SCL=0   /DMATLAB_MEX_FILE  /DMATLAB_MEX_FILE /O2 /Oy- /DNDEBUG /fp:strict /utf-8 /I "." /I "D:\GitHub\Efficient-Parallelization-of-Nonlinear-Macroeconomic-Models-A-MATLAB-Executable-Approach\Code sovereignDefault" /I ".\interface" /I "C:\Program Files\MATLAB\R2023b\extern\include" /I "." -DMODEL=solver_bf_parfor_mex /openmp /wd4101  solver_bf_parfor_data.c /Fobuild\win64\solver_bf_parfor_data.obj
solver_bf_parfor_data.c
[7/15] cl /c /Zc:__cplusplus /Zp8 /GR /W3 /EHs /nologo /MD /D_CRT_SECURE_NO_DEPRECATE /D_SCL_SECURE_NO_DEPRECATE /D_SECURE_SCL=0   /DMATLAB_MEX_FILE  /DMATLAB_MEX_FILE /O2 /Oy- /DNDEBUG /fp:strict /utf-8 /I "." /I "D:\GitHub\Efficient-Parallelization-of-Nonlinear-Macroeconomic-Models-A-MATLAB-Executable-Approach\Code sovereignDefault" /I ".\interface" /I "C:\Program Files\MATLAB\R2023b\extern\include" /I "." -DMODEL=solver_bf_parfor_mex /openmp /wd4101  solver_bf_parfor_mexutil.c /Fobuild\win64\solver_bf_parfor_mexutil.obj
solver_bf_parfor_mexutil.c
[8/15] cl /c /Zc:__cplusplus /Zp8 /GR /W3 /EHs /nologo /MD /D_CRT_SECURE_NO_DEPRECATE /D_SCL_SECURE_NO_DEPRECATE /D_SECURE_SCL=0   /DMATLAB_MEX_FILE  /DMATLAB_MEX_FILE /O2 /Oy- /DNDEBUG /fp:strict /utf-8 /I "." /I "D:\GitHub\Efficient-Parallelization-of-Nonlinear-Macroeconomic-Models-A-MATLAB-Executable-Approach\Code sovereignDefault" /I ".\interface" /I "C:\Program Files\MATLAB\R2023b\extern\include" /I "." -DMODEL=solver_bf_parfor_mex /openmp /wd4101  toc.c /Fobuild\win64\toc.obj
toc.c
[9/15] cl /c /Zc:__cplusplus /Zp8 /GR /W3 /EHs /nologo /MD /D_CRT_SECURE_NO_DEPRECATE /D_SCL_SECURE_NO_DEPRECATE /D_SECURE_SCL=0   /DMATLAB_MEX_FILE  /DMATLAB_MEX_FILE /O2 /Oy- /DNDEBUG /fp:strict /utf-8 /I "." /I "D:\GitHub\Efficient-Parallelization-of-Nonlinear-Macroeconomic-Models-A-MATLAB-Executable-Approach\Code sovereignDefault" /I ".\interface" /I "C:\Program Files\MATLAB\R2023b\extern\include" /I "." -DMODEL=solver_bf_parfor_mex /openmp /wd4101  tic.c /Fobuild\win64\tic.obj
tic.c
[10/15] cl /c /Zc:__cplusplus /Zp8 /GR /W3 /EHs /nologo /MD /D_CRT_SECURE_NO_DEPRECATE /D_SCL_SECURE_NO_DEPRECATE /D_SECURE_SCL=0   /DMATLAB_MEX_FILE  /DMATLAB_MEX_FILE /O2 /Oy- /DNDEBUG /fp:strict /utf-8 /I "." /I "D:\GitHub\Efficient-Parallelization-of-Nonlinear-Macroeconomic-Models-A-MATLAB-Executable-Approach\Code sovereignDefault" /I ".\interface" /I "C:\Program Files\MATLAB\R2023b\extern\include" /I "." -DMODEL=solver_bf_parfor_mex /openmp /wd4101  solver_bf_parfor_terminate.c /Fobuild\win64\solver_bf_parfor_terminate.obj
solver_bf_parfor_terminate.c
[11/15] cl /c /Zc:__cplusplus /Zp8 /GR /W3 /EHs /nologo /MD /D_CRT_SECURE_NO_DEPRECATE /D_SCL_SECURE_NO_DEPRECATE /D_SECURE_SCL=0   /DMATLAB_MEX_FILE  /DMATLAB_MEX_FILE /O2 /Oy- /DNDEBUG /fp:strict /utf-8 /I "." /I "D:\GitHub\Efficient-Parallelization-of-Nonlinear-Macroeconomic-Models-A-MATLAB-Executable-Approach\Code sovereignDefault" /I ".\interface" /I "C:\Program Files\MATLAB\R2023b\extern\include" /I "." -DMODEL=solver_bf_parfor_mex /openmp /wd4101  power.c /Fobuild\win64\power.obj
power.c
[12/15] cl /c /Zc:__cplusplus /Zp8 /GR /W3 /EHs /nologo /MD /D_CRT_SECURE_NO_DEPRECATE /D_SCL_SECURE_NO_DEPRECATE /D_SECURE_SCL=0   /DMATLAB_MEX_FILE  /DMATLAB_MEX_FILE /O2 /Oy- /DNDEBUG /fp:strict /utf-8 /I "." /I "D:\GitHub\Efficient-Parallelization-of-Nonlinear-Macroeconomic-Models-A-MATLAB-Executable-Approach\Code sovereignDefault" /I ".\interface" /I "C:\Program Files\MATLAB\R2023b\extern\include" /I "." -DMODEL=solver_bf_parfor_mex /openmp /wd4101  interface\_coder_solver_bf_parfor_mex.c /Fobuild\win64\_coder_solver_bf_parfor_mex.obj
_coder_solver_bf_parfor_mex.c
[13/15] cl /c /Zc:__cplusplus /Zp8 /GR /W3 /EHs /nologo /MD /D_CRT_SECURE_NO_DEPRECATE /D_SCL_SECURE_NO_DEPRECATE /D_SECURE_SCL=0   /DMATLAB_MEX_FILE  /DMATLAB_MEX_FILE /O2 /Oy- /DNDEBUG /fp:strict /utf-8 /I "." /I "D:\GitHub\Efficient-Parallelization-of-Nonlinear-Macroeconomic-Models-A-MATLAB-Executable-Approach\Code sovereignDefault" /I ".\interface" /I "C:\Program Files\MATLAB\R2023b\extern\include" /I "." -DMODEL=solver_bf_parfor_mex /openmp /wd4101  interface\_coder_solver_bf_parfor_api.c /Fobuild\win64\_coder_solver_bf_parfor_api.obj
_coder_solver_bf_parfor_api.c
[14/15] cl /c /Zc:__cplusplus /Zp8 /GR /W3 /EHs /nologo /MD /D_CRT_SECURE_NO_DEPRECATE /D_SCL_SECURE_NO_DEPRECATE /D_SECURE_SCL=0   /DMATLAB_MEX_FILE  /DMATLAB_MEX_FILE /O2 /Oy- /DNDEBUG /fp:strict /utf-8 /I "." /I "D:\GitHub\Efficient-Parallelization-of-Nonlinear-Macroeconomic-Models-A-MATLAB-Executable-Approach\Code sovereignDefault" /I ".\interface" /I "C:\Program Files\MATLAB\R2023b\extern\include" /I "." -DMODEL=solver_bf_parfor_mex /openmp /wd4101  solver_bf_parfor.c /Fobuild\win64\solver_bf_parfor.obj
solver_bf_parfor.c
[15/15] link @solver_bf_parfor_mex.mexw64.rsp  /nologo /manifest   /DLL /LIBPATH:"C:\Program Files\MATLAB\R2023b\extern\lib\win64\microsoft" libmx.lib libmex.lib libmat.lib kernel32.lib user32.lib gdi32.lib winspool.lib comdlg32.lib advapi32.lib shell32.lib ole32.lib oleaut32.lib uuid.lib odbc32.lib odbccp32.lib  /out:"solver_bf_parfor_mex.mexw64" /LIBPATH:"C:\Program Files\MATLAB\R2023b\extern\lib\win64\microsoft" libmwblas.lib libemlrt.lib libcovrt.lib libut.lib libmwmathutil.lib libiomp5md.lib /nodefaultlib:vcomp /LIBPATH:"C:\Program Files\MATLAB\R2023b\bin\win64" /export:mexFunction /export:mexfilerequiredapiversion /export:emlrtMexFcnProperties /export:solver_bf_parfor /export:solver_bf_parfor_initialize /export:solver_bf_parfor_terminate /export:solver_bf_parfor_atexit /export:emlrt_marshallOut /export:b_emlrt_marshallIn /export:k_emlrt_marshallIn
   Creating library solver_bf_parfor_mex.lib and object solver_bf_parfor_mex.exp
